#
# A fatal error has been detected by the Java Runtime Environment:
#
#  EXCEPTION_ACCESS_VIOLATION (0xc0000005) at pc=0x00007ffeceafc8ca, pid=12540, tid=7448
#
# JRE version: Java(TM) SE Runtime Environment (8.0_60-b27) (build 1.8.0_60-b27)
# Java VM: Java HotSpot(TM) 64-Bit Server VM (25.60-b23 mixed mode windows-amd64 compressed oops)
# Problematic frame:
# C  [ntdll.dll+0x2c8ca]
#
# Failed to write core dump. Minidumps are not enabled by default on client versions of Windows
#
# If you would like to submit a bug report, please visit:
#   http://bugreport.java.com/bugreport/crash.jsp
#

---------------  T H R E A D  ---------------

Current thread (0x0000000017167800):  VMThread [stack: 0x00000000181f0000,0x00000000182f0000] [id=7448]

siginfo: ExceptionCode=0xc0000005, writing address 0x00000000193d100c

Registers:
RAX=0x0000000000005bd5, RBX=0x00000000006e0000, RCX=0x00000000000000f9, RDX=0x00000000000001f2
RSP=0x00000000182eee70, RBP=0x00000000193d0fc0, RSI=0x00000000193d0070, RDI=0x00000000193d0070
R8 =0x0000000019592000, R9 =0x00000000193d0080, R10=0x0000000019592010, R11=0x00000000198fb4c0
R12=0x00000000fffffff7, R13=0x0000000000000000, R14=0x00000000006e6a10, R15=0x0000000000000015
RIP=0x00007ffeceafc8ca, EFLAGS=0x0000000000010202

Top of Stack: (sp=0x00000000182eee70)
0x00000000182eee70:   000000000077f010 000000000077ab40
0x00000000182eee80:   000000000077ab40 00007ffeceafc667
0x00000000182eee90:   0000000000000000 00000000006e0000
0x00000000182eeea0:   0000000000001016 0000000000000000
0x00000000182eeeb0:   00000000006e0001 00007ffe49090000
0x00000000182eeec0:   00000000191c7e01 00000000000000f9
0x00000000182eeed0:   00000000000003a8 0000000001010000
0x00000000182eeee0:   00000000198fb4c0 0000000019592010
0x00000000182eeef0:   0000000000ae1dd0 00007ffe00000001
0x00000000182eef00:   0000000000000bc9 00000000000003ff
0x00000000182eef10:   00000322006e0001 0000000000000000
0x00000000182eef20:   0000000000000701 000000000000000a
0x00000000182eef30:   0000000000ae0cc0 0000000000ae1d00
0x00000000182eef40:   0000000000ae0000 0000000000000000
0x00000000182eef50:   00000000fe0000fe 00000000007cc340
0x00000000182eef60:   0000000000ae0cc0 0000000000000490 

Instructions: (pc=0x00007ffeceafc8ca)
0x00007ffeceafc8aa:   48 03 c8 48 89 4c 24 58 66 89 4f 08 48 8b 4c 24
0x00007ffeceafc8ba:   58 48 8b d1 48 03 d2 0f b7 83 8c 00 00 00 33 c1
0x00007ffeceafc8ca:   66 89 44 d7 0c 44 0f b6 74 24 48 4c 8b 44 24 58
0x00007ffeceafc8da:   e9 47 f7 ff ff 8b c2 48 c1 e8 10 0f b6 c8 42 0f 


Register to memory mapping:

RAX=0x0000000000005bd5 is an unknown value
RBX=0x00000000006e0000 is an unknown value
RCX=0x00000000000000f9 is an unknown value
RDX=0x00000000000001f2 is an unknown value
RSP=0x00000000182eee70 is an unknown value
RBP=0x00000000193d0fc0 is an unknown value
RSI=0x00000000193d0070 is an unknown value
RDI=0x00000000193d0070 is an unknown value
R8 =0x0000000019592000 is an unknown value
R9 =0x00000000193d0080 is an unknown value
R10=0x0000000019592010 is an unknown value
R11=0x00000000198fb4c0 is an unknown value
R12=0x00000000fffffff7 is an unallocated location in the heap
R13=0x0000000000000000 is an unknown value
R14=0x00000000006e6a10 is an unknown value
R15=0x0000000000000015 is an unknown value


Stack: [0x00000000181f0000,0x00000000182f0000],  sp=0x00000000182eee70,  free space=1019k
Native frames: (J=compiled Java code, j=interpreted, Vv=VM code, C=native code)
C  [ntdll.dll+0x2c8ca]
C  [ntdll.dll+0x2a996]
C  [opencv_java300.dll+0xeeb4dc]
C  [opencv_java300.dll+0xcb12b8]
C  [opencv_java300.dll+0xfd54b0]
C  [opencv_java300.dll+0xf03083]
C  [opencv_java300.dll+0xeeb2b6]
C  [opencv_java300.dll+0xeeb47f]
C  [ntdll.dll+0x23d70]
C  [ntdll.dll+0x4638a]
C  [ntdll.dll+0x46224]
C  [KERNEL32.DLL+0x1ef5a]
C  [msvcr100.dll+0x20ccd]
V  [jvm.dll+0x210a25]
V  [jvm.dll+0x249747]
V  [jvm.dll+0x2489e6]
V  [jvm.dll+0x248e81]
V  [jvm.dll+0x24909e]
V  [jvm.dll+0x299f6a]
C  [msvcr100.dll+0x21d9f]
C  [msvcr100.dll+0x21e3b]
C  [KERNEL32.DLL+0x12d92]
C  [ntdll.dll+0x9f64]

VM_Operation (0x00000000209ecb50): Exit, mode: safepoint, requested by thread 0x000000001f203800


---------------  P R O C E S S  ---------------

Java Threads: ( => current thread )
  0x0000000002520800 JavaThread "DestroyJavaVM" [_thread_blocked, id=7056, stack(0x0000000002350000,0x0000000002450000)]
  0x000000001f203800 JavaThread "AWT-EventQueue-0" [_thread_blocked, id=1280, stack(0x00000000208f0000,0x00000000209f0000)]
  0x0000000018e68800 JavaThread "AWT-Shutdown" [_thread_blocked, id=3880, stack(0x000000001dcf0000,0x000000001ddf0000)]
  0x0000000018e51800 JavaThread "Java2D Disposer" daemon [_thread_blocked, id=11760, stack(0x000000001dbf0000,0x000000001dcf0000)]
  0x0000000018af8800 JavaThread "Service Thread" daemon [_thread_blocked, id=6688, stack(0x0000000018ed0000,0x0000000018fd0000)]
  0x00000000171aa000 JavaThread "C1 CompilerThread2" daemon [_thread_blocked, id=7872, stack(0x00000000189d0000,0x0000000018ad0000)]
  0x00000000171a3800 JavaThread "C2 CompilerThread1" daemon [_thread_blocked, id=12508, stack(0x00000000188d0000,0x00000000189d0000)]
  0x000000001719e000 JavaThread "C2 CompilerThread0" daemon [_thread_blocked, id=3140, stack(0x00000000187d0000,0x00000000188d0000)]
  0x000000001719b000 JavaThread "Attach Listener" daemon [_thread_blocked, id=13248, stack(0x00000000186d0000,0x00000000187d0000)]
  0x0000000017199800 JavaThread "Signal Dispatcher" daemon [_thread_blocked, id=11944, stack(0x00000000185d0000,0x00000000186d0000)]
  0x0000000002616000 JavaThread "Finalizer" daemon [_thread_in_native, id=12768, stack(0x00000000183f0000,0x00000000184f0000)]
  0x000000000260d000 JavaThread "Reference Handler" daemon [_thread_blocked, id=11956, stack(0x00000000182f0000,0x00000000183f0000)]

Other Threads:
=>0x0000000017167800 VMThread [stack: 0x00000000181f0000,0x00000000182f0000] [id=7448]

VM state:at safepoint (shutting down)

VM Mutex/Monitor currently owned by a thread:  ([mutex/lock_event])
[0x000000000250c030] Threads_lock - owner thread: 0x0000000017167800

Heap:
 PSYoungGen      total 38400K, used 3252K [0x00000000d5b80000, 0x00000000d8600000, 0x0000000100000000)
  eden space 33280K, 2% used [0x00000000d5b80000,0x00000000d5c38fe0,0x00000000d7c00000)
  from space 5120K, 49% used [0x00000000d7c00000,0x00000000d7e74020,0x00000000d8100000)
  to   space 5120K, 0% used [0x00000000d8100000,0x00000000d8100000,0x00000000d8600000)
 ParOldGen       total 87552K, used 120K [0x0000000081200000, 0x0000000086780000, 0x00000000d5b80000)
  object space 87552K, 0% used [0x0000000081200000,0x000000008121e000,0x0000000086780000)
 Metaspace       used 9119K, capacity 9352K, committed 9728K, reserved 1058816K
  class space    used 1081K, capacity 1158K, committed 1280K, reserved 1048576K

Card table byte_map: [0x00000000119e0000,0x0000000011de0000] byte_map_base: 0x00000000115d7000

Marking Bits: (ParMarkBitMap*) 0x000000005a44a5b0
 Begin Bits: [0x0000000012490000, 0x0000000014448000)
 End Bits:   [0x0000000014448000, 0x0000000016400000)

Polling page: 0x0000000000ba0000

CodeCache: size=245760Kb used=2223Kb max_used=2223Kb free=243536Kb
 bounds [0x0000000002620000, 0x0000000002890000, 0x0000000011620000]
 total_blobs=1208 nmethods=565 adapters=556
 compilation: enabled

Compilation events (10 events):
Event: 7.153 Thread 0x00000000171aa000  561       3       java.util.concurrent.locks.ReentrantLock$Sync::isHeldExclusively (16 bytes)
Event: 7.154 Thread 0x00000000171aa000 nmethod 561 0x000000000284ad90 code [0x000000000284af00, 0x000000000284b170]
Event: 8.763 Thread 0x00000000171aa000  562       3       javax.swing.SwingUtilities::appContextGet (8 bytes)
Event: 8.764 Thread 0x00000000171aa000 nmethod 562 0x000000000284b1d0 code [0x000000000284b340, 0x000000000284b578]
Event: 8.764 Thread 0x00000000171aa000  563       1       java.awt.Component::getComponentOrientation (5 bytes)
Event: 8.764 Thread 0x00000000171aa000 nmethod 563 0x000000000284b650 code [0x000000000284b7a0, 0x000000000284b8b0]
Event: 8.771 Thread 0x00000000171aa000  564       3       java.awt.EventQueue::getNextEventPrivate (76 bytes)
Event: 8.771 Thread 0x00000000171aa000 nmethod 564 0x000000000284b910 code [0x000000000284baa0, 0x000000000284bde8]
Event: 8.868 Thread 0x00000000171aa000  565       3       sun.java2d.d3d.D3DRenderQueue::flushNow (6 bytes)
Event: 8.869 Thread 0x00000000171aa000 nmethod 565 0x000000000284bf90 code [0x000000000284c100, 0x000000000284c288]

GC Heap History (6 events):
Event: 3.040 GC heap before
{Heap before GC invocations=1 (full 0):
 PSYoungGen      total 38400K, used 32539K [0x00000000d5b80000, 0x00000000d8600000, 0x0000000100000000)
  eden space 33280K, 97% used [0x00000000d5b80000,0x00000000d7b46c18,0x00000000d7c00000)
  from space 5120K, 0% used [0x00000000d8100000,0x00000000d8100000,0x00000000d8600000)
  to   space 5120K, 0% used [0x00000000d7c00000,0x00000000d7c00000,0x00000000d8100000)
 ParOldGen       total 87552K, used 0K [0x0000000081200000, 0x0000000086780000, 0x00000000d5b80000)
  object space 87552K, 0% used [0x0000000081200000,0x0000000081200000,0x0000000086780000)
 Metaspace       used 9028K, capacity 9224K, committed 9472K, reserved 1056768K
  class space    used 1079K, capacity 1158K, committed 1280K, reserved 1048576K
Event: 3.042 GC heap after
Heap after GC invocations=1 (full 0):
 PSYoungGen      total 38400K, used 2677K [0x00000000d5b80000, 0x00000000d8600000, 0x0000000100000000)
  eden space 33280K, 0% used [0x00000000d5b80000,0x00000000d5b80000,0x00000000d7c00000)
  from space 5120K, 52% used [0x00000000d7c00000,0x00000000d7e9d4b8,0x00000000d8100000)
  to   space 5120K, 0% used [0x00000000d8100000,0x00000000d8100000,0x00000000d8600000)
 ParOldGen       total 87552K, used 16K [0x0000000081200000, 0x0000000086780000, 0x00000000d5b80000)
  object space 87552K, 0% used [0x0000000081200000,0x0000000081204000,0x0000000086780000)
 Metaspace       used 9028K, capacity 9224K, committed 9472K, reserved 1056768K
  class space    used 1079K, capacity 1158K, committed 1280K, reserved 1048576K
}
Event: 3.733 GC heap before
{Heap before GC invocations=2 (full 0):
 PSYoungGen      total 38400K, used 35957K [0x00000000d5b80000, 0x00000000d8600000, 0x0000000100000000)
  eden space 33280K, 100% used [0x00000000d5b80000,0x00000000d7c00000,0x00000000d7c00000)
  from space 5120K, 52% used [0x00000000d7c00000,0x00000000d7e9d4b8,0x00000000d8100000)
  to   space 5120K, 0% used [0x00000000d8100000,0x00000000d8100000,0x00000000d8600000)
 ParOldGen       total 87552K, used 16K [0x0000000081200000, 0x0000000086780000, 0x00000000d5b80000)
  object space 87552K, 0% used [0x0000000081200000,0x0000000081204000,0x0000000086780000)
 Metaspace       used 9066K, capacity 9288K, committed 9472K, reserved 1056768K
  class space    used 1079K, capacity 1158K, committed 1280K, reserved 1048576K
Event: 3.735 GC heap after
Heap after GC invocations=2 (full 0):
 PSYoungGen      total 38400K, used 5116K [0x00000000d5b80000, 0x00000000d8600000, 0x0000000100000000)
  eden space 33280K, 0% used [0x00000000d5b80000,0x00000000d5b80000,0x00000000d7c00000)
  from space 5120K, 99% used [0x00000000d8100000,0x00000000d85ff070,0x00000000d8600000)
  to   space 5120K, 0% used [0x00000000d7c00000,0x00000000d7c00000,0x00000000d8100000)
 ParOldGen       total 87552K, used 112K [0x0000000081200000, 0x0000000086780000, 0x00000000d5b80000)
  object space 87552K, 0% used [0x0000000081200000,0x000000008121c000,0x0000000086780000)
 Metaspace       used 9066K, capacity 9288K, committed 9472K, reserved 1056768K
  class space    used 1079K, capacity 1158K, committed 1280K, reserved 1048576K
}
Event: 8.879 GC heap before
{Heap before GC invocations=3 (full 0):
 PSYoungGen      total 38400K, used 38396K [0x00000000d5b80000, 0x00000000d8600000, 0x0000000100000000)
  eden space 33280K, 100% used [0x00000000d5b80000,0x00000000d7c00000,0x00000000d7c00000)
  from space 5120K, 99% used [0x00000000d8100000,0x00000000d85ff070,0x00000000d8600000)
  to   space 5120K, 0% used [0x00000000d7c00000,0x00000000d7c00000,0x00000000d8100000)
 ParOldGen       total 87552K, used 112K [0x0000000081200000, 0x0000000086780000, 0x00000000d5b80000)
  object space 87552K, 0% used [0x0000000081200000,0x000000008121c000,0x0000000086780000)
 Metaspace       used 9116K, capacity 9352K, committed 9728K, reserved 1058816K
  class space    used 1081K, capacity 1158K, committed 1280K, reserved 1048576K
Event: 8.881 GC heap after
Heap after GC invocations=3 (full 0):
 PSYoungGen      total 38400K, used 2512K [0x00000000d5b80000, 0x00000000d8600000, 0x0000000100000000)
  eden space 33280K, 0% used [0x00000000d5b80000,0x00000000d5b80000,0x00000000d7c00000)
  from space 5120K, 49% used [0x00000000d7c00000,0x00000000d7e74020,0x00000000d8100000)
  to   space 5120K, 0% used [0x00000000d8100000,0x00000000d8100000,0x00000000d8600000)
 ParOldGen       total 87552K, used 120K [0x0000000081200000, 0x0000000086780000, 0x00000000d5b80000)
  object space 87552K, 0% used [0x0000000081200000,0x000000008121e000,0x0000000086780000)
 Metaspace       used 9116K, capacity 9352K, committed 9728K, reserved 1058816K
  class space    used 1081K, capacity 1158K, committed 1280K, reserved 1048576K
}

Deoptimization events (0 events):
No events

Internal exceptions (10 events):
Event: 0.023 Thread 0x0000000002520800 Exception <a 'java/lang/NoSuchMethodError': Method sun.misc.Unsafe.prefetchRead(Ljava/lang/Object;J)V name or signature does not match> (0x00000000d5b8d228) thrown at [C:\re\workspace\8-2-build-windows-amd64-cygwin\jdk8u60\4407\hotspot\src\share\vm\prims\jkgÂ¡:¿?
Event: 0.127 Thread 0x0000000002520800 Exception <a 'java/security/PrivilegedActionException'> (0x00000000d5da9110) thrown at [C:\re\workspace\8-2-build-windows-amd64-cygwin\jdk8u60\4407\hotspot\src\share\vm\prims\jvm.cpp, line 1386]
Event: 0.127 Thread 0x0000000002520800 Exception <a 'java/security/PrivilegedActionException'> (0x00000000d5da9320) thrown at [C:\re\workspace\8-2-build-windows-amd64-cygwin\jdk8u60\4407\hotspot\src\share\vm\prims\jvm.cpp, line 1386]
Event: 0.127 Thread 0x0000000002520800 Exception <a 'java/security/PrivilegedActionException'> (0x00000000d5dacec8) thrown at [C:\re\workspace\8-2-build-windows-amd64-cygwin\jdk8u60\4407\hotspot\src\share\vm\prims\jvm.cpp, line 1386]
Event: 0.127 Thread 0x0000000002520800 Exception <a 'java/security/PrivilegedActionException'> (0x00000000d5dad0d8) thrown at [C:\re\workspace\8-2-build-windows-amd64-cygwin\jdk8u60\4407\hotspot\src\share\vm\prims\jvm.cpp, line 1386]
Event: 0.130 Thread 0x0000000002520800 Exception <a 'java/io/FileNotFoundException'> (0x00000000d5db23f0) thrown at [C:\re\workspace\8-2-build-windows-amd64-cygwin\jdk8u60\4407\hotspot\src\share\vm\prims\jni.cpp, line 709]
Event: 0.153 Thread 0x0000000002520800 Exception <a 'java/lang/NoSuchFieldError': method resolution failed> (0x00000000d5e7fa80) thrown at [C:\re\workspace\8-2-build-windows-amd64-cygwin\jdk8u60\4407\hotspot\src\share\vm\prims\methodHandles.cpp, line 1146]
Event: 0.154 Thread 0x0000000002520800 Exception <a 'java/lang/NoSuchFieldError': method resolution failed> (0x00000000d5e8ce50) thrown at [C:\re\workspace\8-2-build-windows-amd64-cygwin\jdk8u60\4407\hotspot\src\share\vm\prims\methodHandles.cpp, line 1146]
Event: 0.176 Thread 0x0000000002520800 Exception <a 'java/io/FileNotFoundException'> (0x00000000d5f212e0) thrown at [C:\re\workspace\8-2-build-windows-amd64-cygwin\jdk8u60\4407\hotspot\src\share\vm\prims\jni.cpp, line 709]
Event: 4.455 Thread 0x0000000002520800 Exception <a 'org/opencv/core/CvException': cv::Exception: C:\builds\master_PackSlaveAddon-win64-vc12-static\opencv\modules\core\src\ocl.cpp:4612: error: (-215) clEnqueueReadBuffer(q, (cl_mem)u->handle, CL_TRUE, 0, u->size, alignedPtr.getAlignedPtr(), 0, 0»§xÅLäó?

Events (10 events):
Event: 8.879 Thread 0x0000000018bf3000 Thread added: 0x0000000018bf3000
Event: 8.879 Executing VM operation: ParallelGCFailedAllocation
Event: 8.881 Executing VM operation: ParallelGCFailedAllocation done
Event: 8.881 Thread 0x0000000018bf3000 Thread exited: 0x0000000018bf3000
Event: 8.881 Thread 0x000000001f25b000 Thread exited: 0x000000001f25b000
Event: 8.881 loading class sun/java2d/pipe/hw/AccelDeviceEventNotifier
Event: 8.881 loading class sun/java2d/pipe/hw/AccelDeviceEventNotifier done
Event: 8.901 Thread 0x0000000018e6b800 Thread exited: 0x0000000018e6b800
Event: 8.982 Thread 0x0000000018bee000 Thread exited: 0x0000000018bee000
Event: 8.982 Executing VM operation: Exit


Dynamic libraries:
0x00007ff64b980000 - 0x00007ff64b9b7000 	C:\Program Files\Java\jre1.8.0_60\bin\javaw.exe
0x00007ffecead0000 - 0x00007ffecec91000 	C:\WINDOWS\SYSTEM32\ntdll.dll
0x00007ffecc540000 - 0x00007ffecc5ed000 	C:\WINDOWS\system32\KERNEL32.DLL
0x00007ffecb7c0000 - 0x00007ffecb99d000 	C:\WINDOWS\system32\KERNELBASE.dll
0x00007ffecdc00000 - 0x00007ffecdca6000 	C:\WINDOWS\system32\ADVAPI32.dll
0x00007ffece2e0000 - 0x00007ffece37d000 	C:\WINDOWS\system32\msvcrt.dll
0x00007ffece680000 - 0x00007ffece6db000 	C:\WINDOWS\system32\sechost.dll
0x00007ffecdcc0000 - 0x00007ffecdde6000 	C:\WINDOWS\system32\RPCRT4.dll
0x00007ffece530000 - 0x00007ffece67e000 	C:\WINDOWS\system32\USER32.dll
0x00007ffecde00000 - 0x00007ffecdf86000 	C:\WINDOWS\system32\GDI32.dll
0x00007ffec5ba0000 - 0x00007ffec5e14000 	C:\WINDOWS\WinSxS\amd64_microsoft.windows.common-controls_6595b64144ccf1df_6.0.10240.16384_none_f41f7b285750ef43\COMCTL32.dll
0x00007ffecc500000 - 0x00007ffecc536000 	C:\WINDOWS\system32\IMM32.DLL
0x00007ffece180000 - 0x00007ffece2dc000 	C:\WINDOWS\system32\MSCTF.dll
0x0000000059960000 - 0x0000000059a32000 	C:\Program Files\Java\jre1.8.0_60\bin\msvcr100.dll
0x0000000059c40000 - 0x000000005a4c9000 	C:\Program Files\Java\jre1.8.0_60\bin\server\jvm.dll
0x00007ffece740000 - 0x00007ffece748000 	C:\WINDOWS\system32\PSAPI.DLL
0x00007ffec9600000 - 0x00007ffec9623000 	C:\WINDOWS\SYSTEM32\WINMM.dll
0x00007ffec6e80000 - 0x00007ffec6e8a000 	C:\WINDOWS\SYSTEM32\VERSION.dll
0x00007ffebf530000 - 0x00007ffebf539000 	C:\WINDOWS\SYSTEM32\WSOCK32.dll
0x00007ffecdb90000 - 0x00007ffecdbf9000 	C:\WINDOWS\system32\WS2_32.dll
0x00007ffecddf0000 - 0x00007ffecddf8000 	C:\WINDOWS\system32\NSI.dll
0x00007ffec9370000 - 0x00007ffec939c000 	C:\WINDOWS\SYSTEM32\WINMMBASE.dll
0x00007ffecb5a0000 - 0x00007ffecb5e4000 	C:\WINDOWS\system32\cfgmgr32.dll
0x00007ffec9dd0000 - 0x00007ffec9df7000 	C:\WINDOWS\SYSTEM32\DEVOBJ.dll
0x0000000059c30000 - 0x0000000059c3f000 	C:\Program Files\Java\jre1.8.0_60\bin\verify.dll
0x0000000059c00000 - 0x0000000059c29000 	C:\Program Files\Java\jre1.8.0_60\bin\java.dll
0x0000000059be0000 - 0x0000000059bf6000 	C:\Program Files\Java\jre1.8.0_60\bin\zip.dll
0x00007ffecc660000 - 0x00007ffecdb82000 	C:\WINDOWS\system32\SHELL32.dll
0x00007ffecb9a0000 - 0x00007ffecbfc8000 	C:\WINDOWS\system32\windows.storage.dll
0x00007ffecc280000 - 0x00007ffecc4fc000 	C:\WINDOWS\system32\combase.dll
0x00007ffece4d0000 - 0x00007ffece521000 	C:\WINDOWS\system32\shlwapi.dll
0x00007ffecb520000 - 0x00007ffecb52f000 	C:\WINDOWS\system32\kernel.appcore.dll
0x00007ffecb650000 - 0x00007ffecb703000 	C:\WINDOWS\system32\shcore.dll
0x00007ffecb550000 - 0x00007ffecb59a000 	C:\WINDOWS\system32\powrprof.dll
0x00007ffecb500000 - 0x00007ffecb513000 	C:\WINDOWS\system32\profapi.dll
0x00007ffe90e80000 - 0x00007ffe92705000 	C:\Users\Jamie\Downloads\opencv\build\java\x64\opencv_java300.dll
0x00007ffece380000 - 0x00007ffece4c1000 	C:\WINDOWS\system32\ole32.dll
0x00007ffe9e2e0000 - 0x00007ffe9e309000 	C:\WINDOWS\SYSTEM32\MSVFW32.dll
0x00007ffeac390000 - 0x00007ffeac3b0000 	C:\WINDOWS\SYSTEM32\AVIFIL32.dll
0x00007ffea6870000 - 0x00007ffea6888000 	C:\WINDOWS\SYSTEM32\AVICAP32.dll
0x00007ffece7b0000 - 0x00007ffece86e000 	C:\WINDOWS\system32\OLEAUT32.dll
0x00007ffec6360000 - 0x00007ffec637c000 	C:\WINDOWS\SYSTEM32\MSACM32.dll
0x00007ffea1cc0000 - 0x00007ffea1cd5000 	C:\WINDOWS\SYSTEM32\OpenCL.dll
0x00007ffe89130000 - 0x00007ffe89e8e000 	C:\WINDOWS\System32\nvopencl.dll
0x00007ffecdfb0000 - 0x00007ffece175000 	C:\WINDOWS\system32\SETUPAPI.dll
0x00007ffec9e00000 - 0x00007ffec9e96000 	C:\WINDOWS\system32\uxtheme.dll
0x00007ffec52f0000 - 0x00007ffec5626000 	C:\WINDOWS\system32\nvapi64.dll
0x00007ffecb5f0000 - 0x00007ffecb644000 	C:\WINDOWS\system32\WINTRUST.dll
0x00007ffecb530000 - 0x00007ffecb541000 	C:\WINDOWS\system32\MSASN1.dll
0x00007ffecbfd0000 - 0x00007ffecc191000 	C:\WINDOWS\system32\CRYPT32.dll
0x00000000597c0000 - 0x0000000059958000 	C:\Program Files\Java\jre1.8.0_60\bin\awt.dll
0x00007ffec9c50000 - 0x00007ffec9cc8000 	C:\WINDOWS\system32\apphelp.dll
0x00007ffec90d0000 - 0x00007ffec90f2000 	C:\WINDOWS\system32\DWMAPI.DLL
0x00007ffecb350000 - 0x00007ffecb3bb000 	C:\WINDOWS\SYSTEM32\bcryptPrimitives.dll
0x00007ffe9f230000 - 0x00007ffe9f440000 	C:\WINDOWS\system32\d3d9.dll
0x00007ffec56e0000 - 0x00007ffec584c000 	C:\Program Files (x86)\NVIDIA Corporation\3D Vision\nvSCPAPI64.dll
0x00007ffec8330000 - 0x00007ffec83cc000 	C:\WINDOWS\system32\dxgi.dll
0x0000000059770000 - 0x00000000597b7000 	C:\Program Files\Java\jre1.8.0_60\bin\fontmanager.dll
0x00007ffece870000 - 0x00007ffece915000 	C:\WINDOWS\system32\clbcatq.dll
0x00007ffe9f0c0000 - 0x00007ffe9f0d8000 	C:\Windows\System32\devenum.dll
0x00007ffeca880000 - 0x00007ffeca8b2000 	C:\WINDOWS\SYSTEM32\ntmarta.dll
0x00007ffec4710000 - 0x00007ffec471a000 	C:\WINDOWS\SYSTEM32\msdmo.dll
0x00007ffe9c870000 - 0x00007ffe9c8a4000 	C:\Windows\System32\qcap.dll
0x00007ffe987f0000 - 0x00007ffe989bd000 	C:\Windows\System32\quartz.dll
0x00007ffecaf90000 - 0x00007ffecaf9b000 	C:\Windows\System32\CRYPTBASE.DLL
0x00007ffe9b550000 - 0x00007ffe9b59f000 	C:\Windows\System32\ksproxy.ax
0x00007ffec4b60000 - 0x00007ffec4b68000 	C:\Windows\System32\ksuser.dll
0x00007ffec3630000 - 0x00007ffec3669000 	C:\WINDOWS\SYSTEM32\policymanager.dll
0x00007ffec3590000 - 0x00007ffec3622000 	C:\Windows\System32\msvcp110_win.dll
0x00007ffec5630000 - 0x00007ffec5666000 	C:\Windows\System32\XmlLite.dll
0x00007ffec0aa0000 - 0x00007ffec0aae000 	C:\Windows\System32\vidcap.ax
0x00007ffe9cab0000 - 0x00007ffe9cad7000 	C:\Windows\System32\kswdmcap.ax
0x00007ffe975a0000 - 0x00007ffe97710000 	C:\Windows\System32\MFC42.dll
0x00007ffe9b060000 - 0x00007ffe9b110000 	C:\Windows\System32\ODBC32.dll
0x00007ffecaf30000 - 0x00007ffecaf3a000 	C:\Windows\System32\DPAPI.dll
0x00007ffe98740000 - 0x00007ffe987eb000 	C:\Windows\System32\qedit.dll
0x00007ffecc1a0000 - 0x00007ffecc277000 	C:\WINDOWS\system32\COMDLG32.dll
0x00007ffec6050000 - 0x00007ffec61f9000 	C:\WINDOWS\WinSxS\amd64_microsoft.windows.gdiplus_6595b64144ccf1df_1.1.10240.16384_none_89a94c179af51f83\gdiplus.dll
0x00007ffe978e0000 - 0x00007ffe979d6000 	C:\Windows\System32\DDRAW.dll
0x00007ffec0a00000 - 0x00007ffec0a08000 	C:\Windows\System32\DCIMAN32.dll
0x00007ffec2090000 - 0x00007ffec221a000 	C:\WINDOWS\SYSTEM32\dbghelp.dll

VM Arguments:
jvm_args: -Djava.library.path=C:\Users\Jamie\Downloads\opencv\build\java\x64 -Dfile.encoding=Cp1252 
java_command: OpenCVBGSub.OpenCVBGSub
java_class_path (initial): C:\Users\Jamie\Documents\GitHub\OpenCVTesting\OpenCVBGSub\bin;C:\Users\Jamie\Downloads\opencv\build\java\opencv-300.jar
Launcher Type: SUN_STANDARD

Environment Variables:
PATH=C:/Program Files/Java/jre1.8.0_60/bin/server;C:/Program Files/Java/jre1.8.0_60/bin;C:/Program Files/Java/jre1.8.0_60/lib/amd64;C:\Program Files (x86)\NVIDIA Corporation\PhysX\Common;C:\ProgramData\Oracle\Java\javapath;C:\Program Files (x86)\Intel\iCLS Client\;C:\Program Files\Intel\iCLS Client\;C:\WINDOWS\system32;C:\WINDOWS;C:\WINDOWS\System32\Wbem;C:\WINDOWS\System32\WindowsPowerShell\v1.0\;C:\Program Files\Intel\Intel(R) Management Engine Components\DAL;C:\Program Files (x86)\Intel\Intel(R) Management Engine Components\DAL;C:\Program Files\Intel\Intel(R) Management Engine Components\IPT;C:\Program Files (x86)\Intel\Intel(R) Management Engine Components\IPT;C:\Program Files (x86)\Windows Kits\8.1\Windows Performance Toolkit\;C:\Program Files\Microsoft SQL Server\110\Tools\Binn\;C:\Program Files (x86)\Microsoft SDKs\TypeScript\1.0\;C:\Program Files\Microsoft\Web Platform Installer\;C:\Program Files\Microsoft SQL Server\120\Tools\Binn\;C:\WINDOWS\system32\config\systemprofile\.dnx\bin;C:\Program Files\Microsoft DNX\Dnvm\;C:\Program Files (x86)\Microsoft Emulator Manager\1.0\;C:\Program Files (x86)\QuickTime\QTSystem\;C:\Program Files (x86)\Skype\Phone\;C:\Program Files\Microsoft SQL Server\120\DTS\Binn\;C:\Program Files\Microsoft SQL Server\Client SDK\ODBC\110\Tools\Binn\;C:\Program Files (x86)\Microsoft SQL Server\120\Tools\Binn\;C:\Program Files (x86)\Microsoft SQL Server\120\Tools\Binn\ManagementStudio\;C:\Program Files (x86)\Microsoft SQL Server\120\DTS\Binn\;;C:\Users\Jamie\AppData\Local\Code\bin;C:\WINDOWS\System32;
USERNAME=Jamie
OS=Windows_NT
PROCESSOR_IDENTIFIER=Intel64 Family 6 Model 60 Stepping 3, GenuineIntel



---------------  S Y S T E M  ---------------

OS: Windows 10.0 , 64 bit Build 10240 (10.0.10240.16384)

CPU:total 4 (4 cores per cpu, 1 threads per core) family 6 model 60 stepping 3, cmov, cx8, fxsr, mmx, sse, sse2, sse3, ssse3, sse4.1, sse4.2, popcnt, avx, avx2, aes, clmul, erms, lzcnt, tsc, tscinvbit, bmi1, bmi2

Memory: 4k page, physical 8314044k(3171944k free), swap 9836620k(1307732k free)

vm_info: Java HotSpot(TM) 64-Bit Server VM (25.60-b23) for windows-amd64 JRE (1.8.0_60-b27), built on Aug  4 2015 11:06:27 by "java_re" with MS VC++ 10.0 (VS2010)

time: Thu Oct 15 23:26:52 2015
elapsed time: 9 seconds (0d 0h 0m 9s)

